<?xml version="1.0" encoding="UTF-8"?>
<!-- Generated by org.testng.reporters.JUnitReportReporter -->
<testsuite skipped="0" hostname="LAPTOP-7FEBO63T" name="com.practice.appLauch.TriggerApi" tests="1" failures="0" timestamp="04 Sep 2020 06:38:06 GMT" time="8.321" errors="0">
  <testcase name="userProfile" time="8.321" classname="com.practice.appLauch.TriggerApi"/>
</testsuite> <!-- com.practice.appLauch.TriggerApi -->
