<?xml version="1.0" encoding="UTF-8"?>
<!-- Generated by org.testng.reporters.JUnitReportReporter -->
<testsuite skipped="0" hostname="LAPTOP-7FEBO63T" name="com.practice.appLauch.CompareTemprature" tests="1" failures="0" timestamp="04 Sep 2020 18:00:20 GMT" time="0.052" errors="0">
  <testcase name="test" time="0.052" classname="com.practice.appLauch.CompareTemprature"/>
</testsuite> <!-- com.practice.appLauch.CompareTemprature -->
