<?xml version="1.0" encoding="UTF-8"?>
<!-- Generated by org.testng.reporters.JUnitReportReporter -->
<testsuite skipped="0" hostname="LAPTOP-7FEBO63T" name="com.practice.appLauch.Browser" tests="1" failures="0" timestamp="06 Sep 2020 05:34:23 GMT" time="114.350" errors="0">
  <testcase name="lauchBrowser" time="114.350" classname="com.practice.appLauch.Browser"/>
</testsuite> <!-- com.practice.appLauch.Browser -->
