<?xml version="1.0" encoding="UTF-8"?>
<!-- Generated by org.testng.reporters.JUnitReportReporter -->
<testsuite skipped="0" hostname="LAPTOP-7FEBO63T" name="com.practice.appLauch.apiTestWeather" tests="1" failures="0" timestamp="05 Sep 2020 10:01:16 GMT" time="22.381" errors="0">
  <testcase name="weather" time="22.381" classname="com.practice.appLauch.apiTestWeather"/>
</testsuite> <!-- com.practice.appLauch.apiTestWeather -->
